#
# There is insufficient memory for the Java Runtime Environment to continue.
# Native memory allocation (malloc) failed to allocate 32744 bytes for ChunkPool::allocate
# Possible reasons:
#   The system is out of physical RAM or swap space
#   The process is running with CompressedOops enabled, and the Java Heap may be blocking the growth of the native heap
# Possible solutions:
#   Reduce memory load on the system
#   Increase physical memory or swap space
#   Check if swap backing store is full
#   Decrease Java heap size (-Xmx/-Xms)
#   Decrease number of Java threads
#   Decrease Java thread stack sizes (-Xss)
#   Set larger code cache with -XX:ReservedCodeCacheSize=
#   JVM is running with Unscaled Compressed Oops mode in which the Java heap is
#     placed in the first 4GB address space. The Java Heap base address is the
#     maximum limit for the native heap growth. Please use -XX:HeapBaseMinAddress
#     to set the Java Heap base and to place the Java Heap above 4GB virtual address.
# This output file may be truncated or incomplete.
#
#  Out of Memory Error (t:/workspace/hotspot/src/share/vm/memory/allocation.cpp:256), pid=234856, tid=235200
#
# JRE version: Java(TM) SE Runtime Environment (9.0+11) (build 9.0.4+11)
# Java VM: Java HotSpot(TM) 64-Bit Server VM (9.0.4+11, mixed mode, tiered, compressed oops, g1 gc, windows-amd64)
# No core dump will be written. Minidumps are not enabled by default on client versions of Windows
#

---------------  S U M M A R Y ------------

Command Line: -javaagent:D:\idea\lib\idea_rt.jar=51910:D:\idea\bin -Dfile.encoding=UTF-8 mian

Host: AMD Ryzen 5 1600X Six-Core Processor           , 12 cores, 7G,  Windows 10 , 64 bit Build 16299 (10.0.16299.15)
Time: Wed Apr 11 15:36:30 2018 ?D1ú±ê×?ê±?? elapsed time: 0 seconds (0d 0h 0m 0s)

---------------  T H R E A D  ---------------

Current thread (0x0000023e6ea70000):  JavaThread "C2 CompilerThread1" daemon [_thread_in_native, id=235200, stack(0x0000007df9f00000,0x0000007dfa000000)]


Current CompileTask:
C2:    408  561       4       java.util.Arrays::copyOfRange (63 bytes)

Stack: [0x0000007df9f00000,0x0000007dfa000000]
Native frames: (J=compiled Java code, j=interpreted, Vv=VM code, C=native code)
V  [jvm.dll+0x587068]

[error occurred during error reporting (printing native stack), id 0xe0000001]


---------------  P R O C E S S  ---------------

Java Threads: ( => current thread )
  0x0000023e6f178800 JavaThread "AWT-Windows" daemon [_thread_in_native, id=235264, stack(0x0000007dfa900000,0x0000007dfaa00000)]
  0x0000023e6f180800 JavaThread "AWT-Shutdown" [_thread_blocked, id=235260, stack(0x0000007dfa800000,0x0000007dfa900000)]
  0x0000023e6f117800 JavaThread "Java2D Disposer" daemon [_thread_blocked, id=235256, stack(0x0000007dfa700000,0x0000007dfa800000)]
  0x0000023e6ee37000 JavaThread "Service Thread" daemon [_thread_blocked, id=235248, stack(0x0000007dfa500000,0x0000007dfa600000)]
  0x0000023e6ee36000 JavaThread "Monitor Ctrl-Break" daemon [_thread_in_native, id=235244, stack(0x0000007dfa400000,0x0000007dfa500000)]
  0x0000023e6eaca000 JavaThread "Common-Cleaner" daemon [_thread_blocked, id=235232, stack(0x0000007dfa300000,0x0000007dfa400000)]
  0x0000023e6eaae800 JavaThread "Sweeper thread" daemon [_thread_blocked, id=235224, stack(0x0000007dfa200000,0x0000007dfa300000)]
  0x0000023e6ea84000 JavaThread "C1 CompilerThread3" daemon [_thread_blocked, id=235220, stack(0x0000007dfa100000,0x0000007dfa200000)]
  0x0000023e6ea74800 JavaThread "C2 CompilerThread2" daemon [_thread_in_native, id=235208, stack(0x0000007dfa000000,0x0000007dfa100000)]
=>0x0000023e6ea70000 JavaThread "C2 CompilerThread1" daemon [_thread_in_native, id=235200, stack(0x0000007df9f00000,0x0000007dfa000000)]
  0x0000023e6ea6b000 JavaThread "C2 CompilerThread0" daemon [_thread_in_native, id=235192, stack(0x0000007df9e00000,0x0000007df9f00000)]
  0x0000023e6ea68800 JavaThread "Attach Listener" daemon [_thread_blocked, id=235180, stack(0x0000007df9d00000,0x0000007df9e00000)]
  0x0000023e6ea67800 JavaThread "Signal Dispatcher" daemon [_thread_blocked, id=235176, stack(0x0000007df9c00000,0x0000007df9d00000)]
  0x0000023e6ea01000 JavaThread "Finalizer" daemon [_thread_blocked, id=235164, stack(0x0000007df9a00000,0x0000007df9b00000)]
  0x0000023e6e9f8000 JavaThread "Reference Handler" daemon [_thread_blocked, id=235152, stack(0x0000007df9900000,0x0000007df9a00000)]
  0x0000023e4a4c3800 JavaThread "main" [_thread_in_vm, id=234936, stack(0x0000007df7e00000,0x0000007df7f00000)]

Other Threads:
  0x0000023e6e9f6000 VMThread "VM Thread" [stack: 0x0000007df9800000,0x0000007df9900000] [id=235144]
  0x0000023e6ee3d000 WatcherThread [stack: 0x0000007dfa600000,0x0000007dfa700000] [id=235252]
  0x0000023e4a4da800 GCTaskThread "GC Thread#0" [stack: 0x0000007df7f00000,0x0000007df8000000] [id=235040]
  0x0000023e4a4dc000 GCTaskThread "GC Thread#1" [stack: 0x0000007df8000000,0x0000007df8100000] [id=235044]
  0x0000023e4a4dd800 GCTaskThread "GC Thread#2" [stack: 0x0000007df8100000,0x0000007df8200000] [id=235048]
  0x0000023e4a4e0000 GCTaskThread "GC Thread#3" [stack: 0x0000007df8200000,0x0000007df8300000] [id=235052]
  0x0000023e4a4e3800 GCTaskThread "GC Thread#4" [stack: 0x0000007df8300000,0x0000007df8400000] [id=235056]
  0x0000023e4a4e7000 GCTaskThread "GC Thread#5" [stack: 0x0000007df8400000,0x0000007df8500000] [id=235060]
  0x0000023e4a4ee000 GCTaskThread "GC Thread#6" [stack: 0x0000007df8500000,0x0000007df8600000] [id=235064]
  0x0000023e4a4f2800 GCTaskThread "GC Thread#7" [stack: 0x0000007df8600000,0x0000007df8700000] [id=235068]
  0x0000023e4a4fc800 GCTaskThread "GC Thread#8" [stack: 0x0000007df8700000,0x0000007df8800000] [id=235072]
  0x0000023e4a4ff000 GCTaskThread "GC Thread#9" [stack: 0x0000007df8800000,0x0000007df8900000] [id=235076]
  0x0000023e4a552800 ConcurrentGCThread "G1 Main Marker" [stack: 0x0000007df9400000,0x0000007df9500000] [id=235124]
  0x0000023e4a4f8000 ConcurrentGCThread "G1 Marker#0" [stack: 0x0000007df9500000,0x0000007df9600000] [id=235128]
  0x0000023e4a4f9000 ConcurrentGCThread "G1 Marker#1" [stack: 0x0000007df9600000,0x0000007df9700000] [id=235132]
  0x0000023e4a4fa800 ConcurrentGCThread "G1 Marker#2" [stack: 0x0000007df9700000,0x0000007df9800000] [id=235136]
  0x0000023e4a516800 ConcurrentGCThread "G1 Refine#0" [stack: 0x0000007df9200000,0x0000007df9300000] [id=235116]
  0x0000023e4a515000 ConcurrentGCThread "G1 Refine#1" [stack: 0x0000007df9100000,0x0000007df9200000] [id=235112]
  0x0000023e4a513800 ConcurrentGCThread "G1 Refine#2" [stack: 0x0000007df9000000,0x0000007df9100000] [id=235108]
  0x0000023e4a511000 ConcurrentGCThread "G1 Refine#3" [stack: 0x0000007df8f00000,0x0000007df9000000] [id=235104]
  0x0000023e4a511800 ConcurrentGCThread "G1 Refine#4" [stack: 0x0000007df8e00000,0x0000007df8f00000] [id=235100]
  0x0000023e4a512000 ConcurrentGCThread "G1 Refine#5" [stack: 0x0000007df8d00000,0x0000007df8e00000] [id=235096]
  0x0000023e4a516000 ConcurrentGCThread "G1 Refine#6" [stack: 0x0000007df8c00000,0x0000007df8d00000] [id=235092]
  0x0000023e4a514000 ConcurrentGCThread "G1 Refine#7" [stack: 0x0000007df8b00000,0x0000007df8c00000] [id=235088]
  0x0000023e4a513000 ConcurrentGCThread "G1 Refine#8" [stack: 0x0000007df8a00000,0x0000007df8b00000] [id=235084]
  0x0000023e4a50e000 ConcurrentGCThread "G1 Refine#9" [stack: 0x0000007df8900000,0x0000007df8a00000] [id=235080]
  0x0000023e4a529800 ConcurrentGCThread "G1 Young RemSet Sampling" [stack: 0x0000007df9300000,0x0000007df9400000] [id=235120]

Threads with active compile tasks:
C2 CompilerThread2 568       4       jdk.internal.org.objectweb.asm.Item::isEqualTo (354 bytes)
C2 CompilerThread1 561       4       java.util.Arrays::copyOfRange (63 bytes)
C2 CompilerThread0 557       4       jdk.internal.org.objectweb.asm.Frame::execute (2252 bytes)

VM state:not at safepoint (normal execution)

VM Mutex/Monitor currently owned by a thread: None

Heap address: 0x0000000080a00000, size: 2038 MB, Compressed Oops mode: 32-bit
Narrow klass base: 0x0000000000000000, Narrow klass shift: 3
Compressed class space size: 1073741824 Address: 0x0000000100000000

Heap:
 garbage-first heap   total 131072K, used 10240K [0x0000000080a00000, 0x0000000080b00400, 0x0000000100000000)
  region size 1024K, 11 young (11264K), 0 survivors (0K)
 Metaspace       used 9813K, capacity 10222K, committed 10368K, reserved 1058816K
  class space    used 949K, capacity 1049K, committed 1152K, reserved 1048576K
Heap Regions: E=young(eden), S=young(survivor), O=old, HS=humongous(starts), HC=humongous(continues), CS=collection set, F=free, A=archive, TS=gc time stamp, AC=allocation context, TAMS=top-at-mark-start (previous, next)
|   0|0x0000000080a00000, 0x0000000080a00000, 0x0000000080b00000|  0%| F|  |TS  0|AC  0|TAMS 0x0000000080a00000, 0x0000000080a00000|
|   1|0x0000000080b00000, 0x0000000080b00000, 0x0000000080c00000|  0%| F|  |TS  0|AC  0|TAMS 0x0000000080b00000, 0x0000000080b00000|
|   2|0x0000000080c00000, 0x0000000080c00000, 0x0000000080d00000|  0%| F|  |TS  0|AC  0|TAMS 0x0000000080c00000, 0x0000000080c00000|
|   3|0x0000000080d00000, 0x0000000080d00000, 0x0000000080e00000|  0%| F|  |TS  0|AC  0|TAMS 0x0000000080d00000, 0x0000000080d00000|
|   4|0x0000000080e00000, 0x0000000080e00000, 0x0000000080f00000|  0%| F|  |TS  0|AC  0|TAMS 0x0000000080e00000, 0x0000000080e00000|
|   5|0x0000000080f00000, 0x0000000080f00000, 0x0000000081000000|  0%| F|  |TS  0|AC  0|TAMS 0x0000000080f00000, 0x0000000080f00000|
|   6|0x0000000081000000, 0x0000000081000000, 0x0000000081100000|  0%| F|  |TS  0|AC  0|TAMS 0x0000000081000000, 0x0000000081000000|
|   7|0x0000000081100000, 0x0000000081100000, 0x0000000081200000|  0%| F|  |TS  0|AC  0|TAMS 0x0000000081100000, 0x0000000081100000|
|   8|0x0000000081200000, 0x0000000081200000, 0x0000000081300000|  0%| F|  |TS  0|AC  0|TAMS 0x0000000081200000, 0x0000000081200000|
|   9|0x0000000081300000, 0x0000000081300000, 0x0000000081400000|  0%| F|  |TS  0|AC  0|TAMS 0x0000000081300000, 0x0000000081300000|
|  10|0x0000000081400000, 0x0000000081400000, 0x0000000081500000|  0%| F|  |TS  0|AC  0|TAMS 0x0000000081400000, 0x0000000081400000|
|  11|0x0000000081500000, 0x0000000081500000, 0x0000000081600000|  0%| F|  |TS  0|AC  0|TAMS 0x0000000081500000, 0x0000000081500000|
|  12|0x0000000081600000, 0x0000000081600000, 0x0000000081700000|  0%| F|  |TS  0|AC  0|TAMS 0x0000000081600000, 0x0000000081600000|
|  13|0x0000000081700000, 0x0000000081700000, 0x0000000081800000|  0%| F|  |TS  0|AC  0|TAMS 0x0000000081700000, 0x0000000081700000|
|  14|0x0000000081800000, 0x0000000081800000, 0x0000000081900000|  0%| F|  |TS  0|AC  0|TAMS 0x0000000081800000, 0x0000000081800000|
|  15|0x0000000081900000, 0x0000000081900000, 0x0000000081a00000|  0%| F|  |TS  0|AC  0|TAMS 0x0000000081900000, 0x0000000081900000|
|  16|0x0000000081a00000, 0x0000000081a00000, 0x0000000081b00000|  0%| F|  |TS  0|AC  0|TAMS 0x0000000081a00000, 0x0000000081a00000|
|  17|0x0000000081b00000, 0x0000000081b00000, 0x0000000081c00000|  0%| F|  |TS  0|AC  0|TAMS 0x0000000081b00000, 0x0000000081b00000|
|  18|0x0000000081c00000, 0x0000000081c00000, 0x0000000081d00000|  0%| F|  |TS  0|AC  0|TAMS 0x0000000081c00000, 0x0000000081c00000|
|  19|0x0000000081d00000, 0x0000000081d00000, 0x0000000081e00000|  0%| F|  |TS  0|AC  0|TAMS 0x0000000081d00000, 0x0000000081d00000|
|  20|0x0000000081e00000, 0x0000000081e00000, 0x0000000081f00000|  0%| F|  |TS  0|AC  0|TAMS 0x0000000081e00000, 0x0000000081e00000|
|  21|0x0000000081f00000, 0x0000000081f00000, 0x0000000082000000|  0%| F|  |TS  0|AC  0|TAMS 0x0000000081f00000, 0x0000000081f00000|
|  22|0x0000000082000000, 0x0000000082000000, 0x0000000082100000|  0%| F|  |TS  0|AC  0|TAMS 0x0000000082000000, 0x0000000082000000|
|  23|0x0000000082100000, 0x0000000082100000, 0x0000000082200000|  0%| F|  |TS  0|AC  0|TAMS 0x0000000082100000, 0x0000000082100000|
|  24|0x0000000082200000, 0x0000000082200000, 0x0000000082300000|  0%| F|  |TS  0|AC  0|TAMS 0x0000000082200000, 0x0000000082200000|
|  25|0x0000000082300000, 0x0000000082300000, 0x0000000082400000|  0%| F|  |TS  0|AC  0|TAMS 0x0000000082300000, 0x0000000082300000|
|  26|0x0000000082400000, 0x0000000082400000, 0x0000000082500000|  0%| F|  |TS  0|AC  0|TAMS 0x0000000082400000, 0x0000000082400000|
|  27|0x0000000082500000, 0x0000000082500000, 0x0000000082600000|  0%| F|  |TS  0|AC  0|TAMS 0x0000000082500000, 0x0000000082500000|
|  28|0x0000000082600000, 0x0000000082600000, 0x0000000082700000|  0%| F|  |TS  0|AC  0|TAMS 0x0000000082600000, 0x0000000082600000|
|  29|0x0000000082700000, 0x0000000082700000, 0x0000000082800000|  0%| F|  |TS  0|AC  0|TAMS 0x0000000082700000, 0x0000000082700000|
|  30|0x0000000082800000, 0x0000000082800000, 0x0000000082900000|  0%| F|  |TS  0|AC  0|TAMS 0x0000000082800000, 0x0000000082800000|
|  31|0x0000000082900000, 0x0000000082900000, 0x0000000082a00000|  0%| F|  |TS  0|AC  0|TAMS 0x0000000082900000, 0x0000000082900000|
|  32|0x0000000082a00000, 0x0000000082a00000, 0x0000000082b00000|  0%| F|  |TS  0|AC  0|TAMS 0x0000000082a00000, 0x0000000082a00000|
|  33|0x0000000082b00000, 0x0000000082b00000, 0x0000000082c00000|  0%| F|  |TS  0|AC  0|TAMS 0x0000000082b00000, 0x0000000082b00000|
|  34|0x0000000082c00000, 0x0000000082c00000, 0x0000000082d00000|  0%| F|  |TS  0|AC  0|TAMS 0x0000000082c00000, 0x0000000082c00000|
|  35|0x0000000082d00000, 0x0000000082d00000, 0x0000000082e00000|  0%| F|  |TS  0|AC  0|TAMS 0x0000000082d00000, 0x0000000082d00000|
|  36|0x0000000082e00000, 0x0000000082e00000, 0x0000000082f00000|  0%| F|  |TS  0|AC  0|TAMS 0x0000000082e00000, 0x0000000082e00000|
|  37|0x0000000082f00000, 0x0000000082f00000, 0x0000000083000000|  0%| F|  |TS  0|AC  0|TAMS 0x0000000082f00000, 0x0000000082f00000|
|  38|0x0000000083000000, 0x0000000083000000, 0x0000000083100000|  0%| F|  |TS  0|AC  0|TAMS 0x0000000083000000, 0x0000000083000000|
|  39|0x0000000083100000, 0x0000000083100000, 0x0000000083200000|  0%| F|  |TS  0|AC  0|TAMS 0x0000000083100000, 0x0000000083100000|
|  40|0x0000000083200000, 0x0000000083200000, 0x0000000083300000|  0%| F|  |TS  0|AC  0|TAMS 0x0000000083200000, 0x0000000083200000|
|  41|0x0000000083300000, 0x0000000083300000, 0x0000000083400000|  0%| F|  |TS  0|AC  0|TAMS 0x0000000083300000, 0x0000000083300000|
|  42|0x0000000083400000, 0x0000000083400000, 0x0000000083500000|  0%| F|  |TS  0|AC  0|TAMS 0x0000000083400000, 0x0000000083400000|
|  43|0x0000000083500000, 0x0000000083500000, 0x0000000083600000|  0%| F|  |TS  0|AC  0|TAMS 0x0000000083500000, 0x0000000083500000|
|  44|0x0000000083600000, 0x0000000083600000, 0x0000000083700000|  0%| F|  |TS  0|AC  0|TAMS 0x0000000083600000, 0x0000000083600000|
|  45|0x0000000083700000, 0x0000000083700000, 0x0000000083800000|  0%| F|  |TS  0|AC  0|TAMS 0x0000000083700000, 0x0000000083700000|
|  46|0x0000000083800000, 0x0000000083800000, 0x0000000083900000|  0%| F|  |TS  0|AC  0|TAMS 0x0000000083800000, 0x0000000083800000|
|  47|0x0000000083900000, 0x0000000083900000, 0x0000000083a00000|  0%| F|  |TS  0|AC  0|TAMS 0x0000000083900000, 0x0000000083900000|
|  48|0x0000000083a00000, 0x0000000083a00000, 0x0000000083b00000|  0%| F|  |TS  0|AC  0|TAMS 0x0000000083a00000, 0x0000000083a00000|
|  49|0x0000000083b00000, 0x0000000083b00000, 0x0000000083c00000|  0%| F|  |TS  0|AC  0|TAMS 0x0000000083b00000, 0x0000000083b00000|
|  50|0x0000000083c00000, 0x0000000083c00000, 0x0000000083d00000|  0%| F|  |TS  0|AC  0|TAMS 0x0000000083c00000, 0x0000000083c00000|
|  51|0x0000000083d00000, 0x0000000083d00000, 0x0000000083e00000|  0%| F|  |TS  0|AC  0|TAMS 0x0000000083d00000, 0x0000000083d00000|
|  52|0x0000000083e00000, 0x0000000083e00000, 0x0000000083f00000|  0%| F|  |TS  0|AC  0|TAMS 0x0000000083e00000, 0x0000000083e00000|
|  53|0x0000000083f00000, 0x0000000083f00000, 0x0000000084000000|  0%| F|  |TS  0|AC  0|TAMS 0x0000000083f00000, 0x0000000083f00000|
|  54|0x0000000084000000, 0x0000000084000000, 0x0000000084100000|  0%| F|  |TS  0|AC  0|TAMS 0x0000000084000000, 0x0000000084000000|
|  55|0x0000000084100000, 0x0000000084100000, 0x0000000084200000|  0%| F|  |TS  0|AC  0|TAMS 0x0000000084100000, 0x0000000084100000|
|  56|0x0000000084200000, 0x0000000084200000, 0x0000000084300000|  0%| F|  |TS  0|AC  0|TAMS 0x0000000084200000, 0x0000000084200000|
|  57|0x0000000084300000, 0x0000000084300000, 0x0000000084400000|  0%| F|  |TS  0|AC  0|TAMS 0x0000000084300000, 0x0000000084300000|
|  58|0x0000000084400000, 0x0000000084400000, 0x0000000084500000|  0%| F|  |TS  0|AC  0|TAMS 0x0000000084400000, 0x0000000084400000|
|  59|0x0000000084500000, 0x0000000084500000, 0x0000000084600000|  0%| F|  |TS  0|AC  0|TAMS 0x0000000084500000, 0x0000000084500000|
|  60|0x0000000084600000, 0x0000000084600000, 0x0000000084700000|  0%| F|  |TS  0|AC  0|TAMS 0x0000000084600000, 0x0000000084600000|
|  61|0x0000000084700000, 0x0000000084700000, 0x0000000084800000|  0%| F|  |TS  0|AC  0|TAMS 0x0000000084700000, 0x0000000084700000|
|  62|0x0000000084800000, 0x0000000084800000, 0x0000000084900000|  0%| F|  |TS  0|AC  0|TAMS 0x0000000084800000, 0x0000000084800000|
|  63|0x0000000084900000, 0x0000000084900000, 0x0000000084a00000|  0%| F|  |TS  0|AC  0|TAMS 0x0000000084900000, 0x0000000084900000|
|  64|0x0000000084a00000, 0x0000000084a00000, 0x0000000084b00000|  0%| F|  |TS  0|AC  0|TAMS 0x0000000084a00000, 0x0000000084a00000|
|  65|0x0000000084b00000, 0x0000000084b00000, 0x0000000084c00000|  0%| F|  |TS  0|AC  0|TAMS 0x0000000084b00000, 0x0000000084b00000|
|  66|0x0000000084c00000, 0x0000000084c00000, 0x0000000084d00000|  0%| F|  |TS  0|AC  0|TAMS 0x0000000084c00000, 0x0000000084c00000|
|  67|0x0000000084d00000, 0x0000000084d00000, 0x0000000084e00000|  0%| F|  |TS  0|AC  0|TAMS 0x0000000084d00000, 0x0000000084d00000|
|  68|0x0000000084e00000, 0x0000000084e00000, 0x0000000084f00000|  0%| F|  |TS  0|AC  0|TAMS 0x0000000084e00000, 0x0000000084e00000|
|  69|0x0000000084f00000, 0x0000000084f00000, 0x0000000085000000|  0%| F|  |TS  0|AC  0|TAMS 0x0000000084f00000, 0x0000000084f00000|
|  70|0x0000000085000000, 0x0000000085000000, 0x0000000085100000|  0%| F|  |TS  0|AC  0|TAMS 0x0000000085000000, 0x0000000085000000|
|  71|0x0000000085100000, 0x0000000085100000, 0x0000000085200000|  0%| F|  |TS  0|AC  0|TAMS 0x0000000085100000, 0x0000000085100000|
|  72|0x0000000085200000, 0x0000000085200000, 0x0000000085300000|  0%| F|  |TS  0|AC  0|TAMS 0x0000000085200000, 0x0000000085200000|
|  73|0x0000000085300000, 0x0000000085300000, 0x0000000085400000|  0%| F|  |TS  0|AC  0|TAMS 0x0000000085300000, 0x0000000085300000|
|  74|0x0000000085400000, 0x0000000085400000, 0x0000000085500000|  0%| F|  |TS  0|AC  0|TAMS 0x0000000085400000, 0x0000000085400000|
|  75|0x0000000085500000, 0x0000000085500000, 0x0000000085600000|  0%| F|  |TS  0|AC  0|TAMS 0x0000000085500000, 0x0000000085500000|
|  76|0x0000000085600000, 0x0000000085600000, 0x0000000085700000|  0%| F|  |TS  0|AC  0|TAMS 0x0000000085600000, 0x0000000085600000|
|  77|0x0000000085700000, 0x0000000085700000, 0x0000000085800000|  0%| F|  |TS  0|AC  0|TAMS 0x0000000085700000, 0x0000000085700000|
|  78|0x0000000085800000, 0x0000000085800000, 0x0000000085900000|  0%| F|  |TS  0|AC  0|TAMS 0x0000000085800000, 0x0000000085800000|
|  79|0x0000000085900000, 0x0000000085900000, 0x0000000085a00000|  0%| F|  |TS  0|AC  0|TAMS 0x0000000085900000, 0x0000000085900000|
|  80|0x0000000085a00000, 0x0000000085a00000, 0x0000000085b00000|  0%| F|  |TS  0|AC  0|TAMS 0x0000000085a00000, 0x0000000085a00000|
|  81|0x0000000085b00000, 0x0000000085b00000, 0x0000000085c00000|  0%| F|  |TS  0|AC  0|TAMS 0x0000000085b00000, 0x0000000085b00000|
|  82|0x0000000085c00000, 0x0000000085c00000, 0x0000000085d00000|  0%| F|  |TS  0|AC  0|TAMS 0x0000000085c00000, 0x0000000085c00000|
|  83|0x0000000085d00000, 0x0000000085d00000, 0x0000000085e00000|  0%| F|  |TS  0|AC  0|TAMS 0x0000000085d00000, 0x0000000085d00000|
|  84|0x0000000085e00000, 0x0000000085e00000, 0x0000000085f00000|  0%| F|  |TS  0|AC  0|TAMS 0x0000000085e00000, 0x0000000085e00000|
|  85|0x0000000085f00000, 0x0000000085f00000, 0x0000000086000000|  0%| F|  |TS  0|AC  0|TAMS 0x0000000085f00000, 0x0000000085f00000|
|  86|0x0000000086000000, 0x0000000086000000, 0x0000000086100000|  0%| F|  |TS  0|AC  0|TAMS 0x0000000086000000, 0x0000000086000000|
|  87|0x0000000086100000, 0x0000000086100000, 0x0000000086200000|  0%| F|  |TS  0|AC  0|TAMS 0x0000000086100000, 0x0000000086100000|
|  88|0x0000000086200000, 0x0000000086200000, 0x0000000086300000|  0%| F|  |TS  0|AC  0|TAMS 0x0000000086200000, 0x0000000086200000|
|  89|0x0000000086300000, 0x0000000086300000, 0x0000000086400000|  0%| F|  |TS  0|AC  0|TAMS 0x0000000086300000, 0x0000000086300000|
|  90|0x0000000086400000, 0x0000000086400000, 0x0000000086500000|  0%| F|  |TS  0|AC  0|TAMS 0x0000000086400000, 0x0000000086400000|
|  91|0x0000000086500000, 0x0000000086500000, 0x0000000086600000|  0%| F|  |TS  0|AC  0|TAMS 0x0000000086500000, 0x0000000086500000|
|  92|0x0000000086600000, 0x0000000086600000, 0x0000000086700000|  0%| F|  |TS  0|AC  0|TAMS 0x0000000086600000, 0x0000000086600000|
|  93|0x0000000086700000, 0x0000000086700000, 0x0000000086800000|  0%| F|  |TS  0|AC  0|TAMS 0x0000000086700000, 0x0000000086700000|
|  94|0x0000000086800000, 0x0000000086800000, 0x0000000086900000|  0%| F|  |TS  0|AC  0|TAMS 0x0000000086800000, 0x0000000086800000|
|  95|0x0000000086900000, 0x0000000086900000, 0x0000000086a00000|  0%| F|  |TS  0|AC  0|TAMS 0x0000000086900000, 0x0000000086900000|
|  96|0x0000000086a00000, 0x0000000086a00000, 0x0000000086b00000|  0%| F|  |TS  0|AC  0|TAMS 0x0000000086a00000, 0x0000000086a00000|
|  97|0x0000000086b00000, 0x0000000086b00000, 0x0000000086c00000|  0%| F|  |TS  0|AC  0|TAMS 0x0000000086b00000, 0x0000000086b00000|
|  98|0x0000000086c00000, 0x0000000086c00000, 0x0000000086d00000|  0%| F|  |TS  0|AC  0|TAMS 0x0000000086c00000, 0x0000000086c00000|
|  99|0x0000000086d00000, 0x0000000086d00000, 0x0000000086e00000|  0%| F|  |TS  0|AC  0|TAMS 0x0000000086d00000, 0x0000000086d00000|
| 100|0x0000000086e00000, 0x0000000086e00000, 0x0000000086f00000|  0%| F|  |TS  0|AC  0|TAMS 0x0000000086e00000, 0x0000000086e00000|
| 101|0x0000000086f00000, 0x0000000086f00000, 0x0000000087000000|  0%| F|  |TS  0|AC  0|TAMS 0x0000000086f00000, 0x0000000086f00000|
| 102|0x0000000087000000, 0x0000000087000000, 0x0000000087100000|  0%| F|  |TS  0|AC  0|TAMS 0x0000000087000000, 0x0000000087000000|
| 103|0x0000000087100000, 0x0000000087100000, 0x0000000087200000|  0%| F|  |TS  0|AC  0|TAMS 0x0000000087100000, 0x0000000087100000|
| 104|0x0000000087200000, 0x0000000087200000, 0x0000000087300000|  0%| F|  |TS  0|AC  0|TAMS 0x0000000087200000, 0x0000000087200000|
| 105|0x0000000087300000, 0x0000000087300000, 0x0000000087400000|  0%| F|  |TS  0|AC  0|TAMS 0x0000000087300000, 0x0000000087300000|
| 106|0x0000000087400000, 0x0000000087400000, 0x0000000087500000|  0%| F|  |TS  0|AC  0|TAMS 0x0000000087400000, 0x0000000087400000|
| 107|0x0000000087500000, 0x0000000087500000, 0x0000000087600000|  0%| F|  |TS  0|AC  0|TAMS 0x0000000087500000, 0x0000000087500000|
| 108|0x0000000087600000, 0x0000000087600000, 0x0000000087700000|  0%| F|  |TS  0|AC  0|TAMS 0x0000000087600000, 0x0000000087600000|
| 109|0x0000000087700000, 0x0000000087700000, 0x0000000087800000|  0%| F|  |TS  0|AC  0|TAMS 0x0000000087700000, 0x0000000087700000|
| 110|0x0000000087800000, 0x0000000087800000, 0x0000000087900000|  0%| F|  |TS  0|AC  0|TAMS 0x0000000087800000, 0x0000000087800000|
| 111|0x0000000087900000, 0x0000000087900000, 0x0000000087a00000|  0%| F|  |TS  0|AC  0|TAMS 0x0000000087900000, 0x0000000087900000|
| 112|0x0000000087a00000, 0x0000000087a00000, 0x0000000087b00000|  0%| F|  |TS  0|AC  0|TAMS 0x0000000087a00000, 0x0000000087a00000|
| 113|0x0000000087b00000, 0x0000000087b00000, 0x0000000087c00000|  0%| F|  |TS  0|AC  0|TAMS 0x0000000087b00000, 0x0000000087b00000|
| 114|0x0000000087c00000, 0x0000000087c00000, 0x0000000087d00000|  0%| F|  |TS  0|AC  0|TAMS 0x0000000087c00000, 0x0000000087c00000|
| 115|0x0000000087d00000, 0x0000000087d00000, 0x0000000087e00000|  0%| F|  |TS  0|AC  0|TAMS 0x0000000087d00000, 0x0000000087d00000|
| 116|0x0000000087e00000, 0x0000000087e00000, 0x0000000087f00000|  0%| F|  |TS  0|AC  0|TAMS 0x0000000087e00000, 0x0000000087e00000|
| 117|0x0000000087f00000, 0x0000000087ff6478, 0x0000000088000000| 96%| E|  |TS  0|AC  0|TAMS 0x0000000087f00000, 0x0000000087f00000|
| 118|0x0000000088000000, 0x0000000088100000, 0x0000000088100000|100%| E|CS|TS  0|AC  0|TAMS 0x0000000088000000, 0x0000000088000000|
| 119|0x0000000088100000, 0x0000000088200000, 0x0000000088200000|100%| E|CS|TS  0|AC  0|TAMS 0x0000000088100000, 0x0000000088100000|
| 120|0x0000000088200000, 0x0000000088300000, 0x0000000088300000|100%| E|CS|TS  0|AC  0|TAMS 0x0000000088200000, 0x0000000088200000|
| 121|0x0000000088300000, 0x0000000088400000, 0x0000000088400000|100%| E|CS|TS  0|AC  0|TAMS 0x0000000088300000, 0x0000000088300000|
| 122|0x0000000088400000, 0x0000000088500000, 0x0000000088500000|100%| E|CS|TS  0|AC  0|TAMS 0x0000000088400000, 0x0000000088400000|
| 123|0x0000000088500000, 0x0000000088600000, 0x0000000088600000|100%| E|CS|TS  0|AC  0|TAMS 0x0000000088500000, 0x0000000088500000|
| 124|0x0000000088600000, 0x0000000088700000, 0x0000000088700000|100%| E|CS|TS  0|AC  0|TAMS 0x0000000088600000, 0x0000000088600000|
| 125|0x0000000088700000, 0x0000000088800000, 0x0000000088800000|100%| E|CS|TS  0|AC  0|TAMS 0x0000000088700000, 0x0000000088700000|
| 126|0x0000000088800000, 0x0000000088900000, 0x0000000088900000|100%| E|CS|TS  0|AC  0|TAMS 0x0000000088800000, 0x0000000088800000|
| 127|0x0000000088900000, 0x0000000088a00000, 0x0000000088a00000|100%| E|CS|TS  0|AC  0|TAMS 0x0000000088900000, 0x0000000088900000|

Card table byte_map: [0x0000023e66cd0000,0x0000023e670d0000] byte_map_base: 0x0000023e668cb000

Marking Bits (Prev, Next): (CMBitMap*) 0x0000023e4a551c70, (CMBitMap*) 0x0000023e4a551ca8
 Prev Bits: [0x0000023e674d0000, 0x0000023e694a8000)
 Next Bits: [0x0000023e694b0000, 0x0000023e6b488000)

Polling page: 0x0000023e48370000

CodeHeap 'non-profiled nmethods': size=120000Kb used=167Kb max_used=167Kb free=119832Kb
 bounds [0x0000023e5e2f0000, 0x0000023e5e560000, 0x0000023e65820000]
CodeHeap 'profiled nmethods': size=120000Kb used=937Kb max_used=937Kb free=119062Kb
 bounds [0x0000023e56dc0000, 0x0000023e57030000, 0x0000023e5e2f0000]
CodeHeap 'non-nmethods': size=5760Kb used=1263Kb max_used=1270Kb free=4496Kb
 bounds [0x0000023e56820000, 0x0000023e56a90000, 0x0000023e56dc0000]
 total_blobs=1118 nmethods=582 adapters=353
 compilation: enabled

Compilation events (10 events):
Event: 0.400 Thread 0x0000023e6ea84000  559       1       java.lang.invoke.BoundMethodHandle$SpeciesData::getterFunctions (5 bytes)
Event: 0.400 Thread 0x0000023e6ea84000 nmethod 559 0x0000023e5e318d90 code [0x0000023e5e318f40, 0x0000023e5e319058]
Event: 0.400 Thread 0x0000023e6ea74800 nmethod 552 0x0000023e5e319110 code [0x0000023e5e3192a0, 0x0000023e5e3195d8]
Event: 0.400 Thread 0x0000023e6ea84000  560       3       jdk.internal.org.objectweb.asm.Label::resolve (214 bytes)
Event: 0.401 Thread 0x0000023e6ea84000 nmethod 560 0x0000023e56e9d190 code [0x0000023e56e9d380, 0x0000023e56e9d858]
Event: 0.404 Thread 0x0000023e6ea70000  561       4       java.util.Arrays::copyOfRange (63 bytes)
Event: 0.405 Thread 0x0000023e6ea84000  562       3       java.lang.invoke.MethodTypeForm::canonicalize (64 bytes)
Event: 0.405 Thread 0x0000023e6ea84000 nmethod 562 0x0000023e56e9db10 code [0x0000023e56e9dd00, 0x0000023e56e9e150]
Event: 0.405 Thread 0x0000023e6ea84000  563       3       java.lang.invoke.MethodType$ConcurrentWeakInternSet::add (66 bytes)
Event: 0.405 Thread 0x0000023e6ea74800  568       4       jdk.internal.org.objectweb.asm.Item::isEqualTo (354 bytes)

GC Heap History (0 events):
No events

Deoptimization events (1 events):
Event: 0.142 Thread 0x0000023e4a4c3800 Uncommon trap: reason=unstable_if action=reinterpret pc=0x0000023e5e2f4988 method=java.lang.String.hashCode()I @ 22 c2

Classes redefined (0 events):
No events

Internal exceptions (10 events):
Event: 0.276 Thread 0x0000023e4a4c3800 Exception <a 'java/lang/NoSuchMethodError'{0x00000000883a35c8}: java.lang.invoke.DelegatingMethodHandle$Holder.reinvoke_L(Ljava/lang/Object;IILjava/lang/Object;Ljava/lang/Object;Ljava/lang/Object;)Ljava/lang/Object;> (0x00000000883a35c8) thrown at [t:/wor
Event: 0.277 Thread 0x0000023e4a4c3800 Exception <a 'java/lang/NoSuchMethodError'{0x00000000883a8af0}: method resolution failed> (0x00000000883a8af0) thrown at [t:/workspace/hotspot/src/share/vm/prims/methodHandles.cpp, line 1256]
Event: 0.278 Thread 0x0000023e4a4c3800 Exception <a 'java/lang/NoSuchMethodError'{0x00000000883bdf80}: method resolution failed> (0x00000000883bdf80) thrown at [t:/workspace/hotspot/src/share/vm/prims/methodHandles.cpp, line 1256]
Event: 0.281 Thread 0x0000023e4a4c3800 Exception <a 'java/lang/NoSuchMethodError'{0x00000000883d4020}: method resolution failed> (0x00000000883d4020) thrown at [t:/workspace/hotspot/src/share/vm/prims/methodHandles.cpp, line 1256]
Event: 0.283 Thread 0x0000023e4a4c3800 Exception <a 'java/lang/NoSuchMethodError'{0x00000000883ebb18}: method resolution failed> (0x00000000883ebb18) thrown at [t:/workspace/hotspot/src/share/vm/prims/methodHandles.cpp, line 1256]
Event: 0.285 Thread 0x0000023e4a4c3800 Exception <a 'java/lang/NoSuchMethodError'{0x0000000088205828}: method resolution failed> (0x0000000088205828) thrown at [t:/workspace/hotspot/src/share/vm/prims/methodHandles.cpp, line 1256]
Event: 0.286 Thread 0x0000023e4a4c3800 Exception <a 'java/io/FileNotFoundException'{0x000000008820ed58}> (0x000000008820ed58) thrown at [t:/workspace/hotspot/src/share/vm/prims/jni.cpp, line 604]
Event: 0.333 Thread 0x0000023e6f178800 Exception <a 'java/lang/NoSuchMethodError'{0x00000000881ff390}: java.lang.invoke.DirectMethodHandle$Holder.invokeSpecial(Ljava/lang/Object;Ljava/lang/Object;)V> (0x00000000881ff390) thrown at [t:/workspace/hotspot/src/share/vm/interpreter/linkResolver.cpp
Event: 0.337 Thread 0x0000023e4a4c3800 Exception <a 'java/lang/NoSuchMethodError'{0x00000000881b0100}: java.lang.invoke.DirectMethodHandle$Holder.invokeStatic(Ljava/lang/Object;Ljava/lang/Object;Ljava/lang/Object;Ljava/lang/Object;Ljava/lang/Object;Ljava/lang/Object;Ljava/lang/Object;Ljava/lan
Event: 0.338 Thread 0x0000023e4a4c3800 Exception <a 'java/lang/NoSuchMethodError'{0x00000000881cb308}: java.lang.invoke.DirectMethodHandle$Holder.invokeStatic(Ljava/lang/Object;Ljava/lang/Object;Ljava/lang/Object;Ljava/lang/Object;Ljava/lang/Object;Ljava/lang/Object;Ljava/lang/Object;Ljava/lan

Events (10 events):
Event: 0.402 loading class java/util/concurrent/locks/ReentrantReadWriteLock$NonfairSync
Event: 0.402 loading class java/util/concurrent/locks/ReentrantReadWriteLock$Sync
Event: 0.402 loading class java/util/concurrent/locks/ReentrantReadWriteLock$Sync done
Event: 0.402 loading class java/util/concurrent/locks/ReentrantReadWriteLock$NonfairSync done
Event: 0.402 loading class java/util/concurrent/locks/ReentrantReadWriteLock$Sync$ThreadLocalHoldCounter
Event: 0.402 loading class java/util/concurrent/locks/ReentrantReadWriteLock$Sync$ThreadLocalHoldCounter done
Event: 0.402 loading class java/util/concurrent/locks/ReentrantReadWriteLock$ReadLock
Event: 0.402 loading class java/util/concurrent/locks/ReentrantReadWriteLock$ReadLock done
Event: 0.402 loading class java/util/concurrent/locks/ReentrantReadWriteLock$WriteLock
Event: 0.402 loading class java/util/concurrent/locks/ReentrantReadWriteLock$WriteLock done


Dynamic libraries:
0x00007ff7dd530000 - 0x00007ff7dd56e000 	C:\Program Files\Java\jdk-9.0.4\bin\java.exe
0x00007ffdaf240000 - 0x00007ffdaf420000 	C:\Windows\SYSTEM32\ntdll.dll
0x00007ffdadfc0000 - 0x00007ffdae06e000 	C:\Windows\System32\KERNEL32.DLL
0x00007ffdab740000 - 0x00007ffdab9a6000 	C:\Windows\System32\KERNELBASE.dll
0x00007ffdaca20000 - 0x00007ffdacac1000 	C:\Windows\System32\ADVAPI32.dll
0x00007ffdac920000 - 0x00007ffdac9bd000 	C:\Windows\System32\msvcrt.dll
0x00007ffdac9c0000 - 0x00007ffdaca1b000 	C:\Windows\System32\sechost.dll
0x00007ffdae5c0000 - 0x00007ffdae6df000 	C:\Windows\System32\RPCRT4.dll
0x00007ffdae1f0000 - 0x00007ffdae37f000 	C:\Windows\System32\USER32.dll
0x00007ffdab9b0000 - 0x00007ffdab9d0000 	C:\Windows\System32\win32u.dll
0x00007ffdae530000 - 0x00007ffdae558000 	C:\Windows\System32\GDI32.dll
0x00007ffdabba0000 - 0x00007ffdabd33000 	C:\Windows\System32\gdi32full.dll
0x00007ffdabd40000 - 0x00007ffdabddb000 	C:\Windows\System32\msvcp_win.dll
0x00007ffdab640000 - 0x00007ffdab736000 	C:\Windows\System32\ucrtbase.dll
0x00007ffda40f0000 - 0x00007ffda4359000 	C:\Windows\WinSxS\amd64_microsoft.windows.common-controls_6595b64144ccf1df_6.0.16299.309_none_15cfd4c4935e6b11\COMCTL32.dll
0x00007ffda5710000 - 0x00007ffda571a000 	C:\Windows\SYSTEM32\VERSION.dll
0x00007ffdaee70000 - 0x00007ffdaf178000 	C:\Windows\System32\combase.dll
0x00007ffdabe40000 - 0x00007ffdabeb2000 	C:\Windows\System32\bcryptPrimitives.dll
0x00007ffdac7d0000 - 0x00007ffdac7fd000 	C:\Windows\System32\IMM32.DLL
0x00007ffd85350000 - 0x00007ffd8543f000 	C:\Program Files\Java\jdk-9.0.4\bin\msvcr120.dll
0x00007ffd85890000 - 0x00007ffd85936000 	C:\Program Files\Java\jdk-9.0.4\bin\msvcp120.dll
0x000000005ffb0000 - 0x00000000609d5000 	C:\Program Files\Java\jdk-9.0.4\bin\server\jvm.dll
0x00007ffdac800000 - 0x00007ffdac808000 	C:\Windows\System32\PSAPI.DLL
0x00007ffda82a0000 - 0x00007ffda82a9000 	C:\Windows\SYSTEM32\WSOCK32.dll
0x00007ffda8240000 - 0x00007ffda8263000 	C:\Windows\SYSTEM32\WINMM.dll
0x00007ffdaf1a0000 - 0x00007ffdaf20c000 	C:\Windows\System32\WS2_32.dll
0x00007ffda81e0000 - 0x00007ffda820a000 	C:\Windows\SYSTEM32\WINMMBASE.dll
0x00007ffdabec0000 - 0x00007ffdabf0a000 	C:\Windows\System32\cfgmgr32.dll
0x00007ffda5160000 - 0x00007ffda516f000 	C:\Program Files\Java\jdk-9.0.4\bin\verify.dll
0x00007ffda22d0000 - 0x00007ffda22f7000 	C:\Program Files\Java\jdk-9.0.4\bin\java.dll
0x00007ffda1d30000 - 0x00007ffda1d5a000 	C:\Program Files\Java\jdk-9.0.4\bin\instrument.dll
0x00007ffd9af30000 - 0x00007ffd9af46000 	C:\Program Files\Java\jdk-9.0.4\bin\zip.dll
0x00007ffda4660000 - 0x00007ffda466a000 	C:\Program Files\Java\jdk-9.0.4\bin\jimage.dll
0x00007ffdacb80000 - 0x00007ffdadfb6000 	C:\Windows\System32\SHELL32.dll
0x00007ffdacad0000 - 0x00007ffdacb76000 	C:\Windows\System32\shcore.dll
0x00007ffdabfc0000 - 0x00007ffdac707000 	C:\Windows\System32\windows.storage.dll
0x00007ffdac770000 - 0x00007ffdac7c1000 	C:\Windows\System32\shlwapi.dll
0x00007ffdab5b0000 - 0x00007ffdab5c1000 	C:\Windows\System32\kernel.appcore.dll
0x00007ffdab5f0000 - 0x00007ffdab63c000 	C:\Windows\System32\powrprof.dll
0x00007ffdab590000 - 0x00007ffdab5ab000 	C:\Windows\System32\profapi.dll
0x00007ffd9af10000 - 0x00007ffd9af2a000 	C:\Program Files\Java\jdk-9.0.4\bin\net.dll
0x00007ffda5890000 - 0x00007ffda596e000 	C:\Windows\SYSTEM32\WINHTTP.dll
0x00007ffdaaad0000 - 0x00007ffdaab36000 	C:\Windows\system32\mswsock.dll
0x00007ffd8dcf0000 - 0x00007ffd8dd01000 	C:\Program Files\Java\jdk-9.0.4\bin\nio.dll
0x00007ffda1f50000 - 0x00007ffda1f6a000 	D:\idea\bin\breakgen64.dll
0x00007ffd81ff0000 - 0x00007ffd82189000 	C:\Program Files\Java\jdk-9.0.4\bin\awt.dll
0x00007ffdaed00000 - 0x00007ffdaedc5000 	C:\Windows\System32\OLEAUT32.dll
0x00007ffda8bb0000 - 0x00007ffda9168000 	C:\Windows\SYSTEM32\d2d1.dll
0x00007ffdab9d0000 - 0x00007ffdabb9e000 	C:\Windows\System32\CRYPT32.dll
0x00007ffdab5d0000 - 0x00007ffdab5e2000 	C:\Windows\System32\MSASN1.dll
0x00007ffda9780000 - 0x00007ffda9808000 	C:\Windows\SYSTEM32\apphelp.dll
0x00007ffda9ab0000 - 0x00007ffda9ada000 	C:\Windows\system32\DWMAPI.DLL
0x00007ffda9940000 - 0x00007ffda99d5000 	C:\Windows\system32\uxtheme.dll
0x00007ffd81ed0000 - 0x00007ffd81fee000 	C:\Windows\system32\opengl32.dll
0x00007ffda1d00000 - 0x00007ffda1d2c000 	C:\Windows\SYSTEM32\GLU32.dll
0x00007ffdae070000 - 0x00007ffdae1d7000 	C:\Windows\System32\MSCTF.dll
0x00007ffdae6e0000 - 0x00007ffdae829000 	C:\Windows\System32\ole32.dll
0x00007ffdabde0000 - 0x00007ffdabe38000 	C:\Windows\System32\WINTRUST.DLL
0x00007ffdaf180000 - 0x00007ffdaf19d000 	C:\Windows\System32\imagehlp.dll
0x00007ffdab2c0000 - 0x00007ffdab2d7000 	C:\Windows\SYSTEM32\CRYPTSP.dll
0x00007ffdaa6d0000 - 0x00007ffdaa703000 	C:\Windows\system32\rsaenh.dll
0x00007ffdab050000 - 0x00007ffdab075000 	C:\Windows\SYSTEM32\bcrypt.dll
0x00007ffdaac90000 - 0x00007ffdaac9b000 	C:\Windows\SYSTEM32\CRYPTBASE.dll

VM Arguments:
jvm_args: -javaagent:D:\idea\lib\idea_rt.jar=51910:D:\idea\bin -Dfile.encoding=UTF-8 
java_command: mian
java_class_path (initial): C:\Users\战神皮皮迪\Documents\GitHub\java_learn\doggame\out\production\doggame
Launcher Type: SUN_STANDARD

Logging:
Log output configuration:
#0: stdout all=warning uptime,level,tags
#1: stderr all=off uptime,level,tags

Environment Variables:
PATH=C:\ProgramData\Oracle\Java\javapath;C:\Windows\system32;C:\Windows;C:\Windows\System32\Wbem;C:\Windows\System32\WindowsPowerShell\v1.0\;C:\Program Files (x86)\Microsoft SQL Server\100\Tools\Binn\;C:\Program Files\Microsoft SQL Server\100\Tools\Binn\;C:\Program Files\Microsoft SQL Server\100\DTS\Binn\;C:\Program Files (x86)\Microsoft SQL Server\100\Tools\Binn\VSShell\Common7\IDE\;C:\Program Files (x86)\Microsoft Visual Studio 9.0\Common7\IDE\PrivateAssemblies\;C:\Program Files (x86)\Microsoft SQL Server\100\DTS\Binn\;F:\Anaconda;F:\Anaconda\Library\mingw-w64\bin;F:\Anaconda\Library\usr\bin;F:\Anaconda\Library\bin;F:\Anaconda\Scripts;C:\Users\战神皮皮迪\AppData\Local\Programs\Python\Python35\Scripts\;C:\Users\战神皮皮迪\AppData\Local\Programs\Python\Python35\;C:\Users\战神皮皮迪\AppData\Local\Microsoft\WindowsApps;C:\Users\战神皮皮迪\AppData\Local\GitHubDesktop\bin;F:\Microsoft VS Code\bin;C:\Wind\Wind.NET.Client\WindNET\bin\
USERNAME=战神皮皮迪
OS=Windows_NT
PROCESSOR_IDENTIFIER=AMD64 Family 23 Model 1 Stepping 1, AuthenticAMD



---------------  S Y S T E M  ---------------

OS: Windows 10 , 64 bit Build 16299 (10.0.16299.15)

CPU:total 12 (initial active 12) (12 cores per cpu, 1 threads per core) family 23 model 1 stepping 1, cmov, cx8, fxsr, mmx, sse, sse2, sse3, ssse3, sse4.1, sse4.2, popcnt, avx, avx2, aes, clmul, mmxext, 3dnowpref, lzcnt, sse4a, tsc, tscinvbit, tscinv, bmi1

Memory: 4k page, physical 8339772k(543336k free), swap 22962932k(120k free)

vm_info: Java HotSpot(TM) 64-Bit Server VM (9.0.4+11) for windows-amd64 JRE (9.0.4+11), built on Dec 20 2017 02:18:54 by "mach5one" with MS VC++ 12.0 (VS2013)

END.
